<?xml version="1.0" encoding="UTF-8"?>
<coverage generated="1587129547891" clover="3.2.0">
  <project timestamp="1587129547891" name="All files">
    <metrics statements="87" coveredstatements="73" conditionals="51" coveredconditionals="37" methods="19" coveredmethods="17" elements="157" coveredelements="127" complexity="0" loc="87" ncloc="87" packages="2" files="3" classes="3"/>
    <package name="src">
      <metrics statements="36" coveredstatements="31" conditionals="16" coveredconditionals="13" methods="6" coveredmethods="6"/>
      <file name="index.ts" path="/Users/crabiller/projets/perso/recipes-parser/src/index.ts">
        <metrics statements="36" coveredstatements="31" conditionals="16" coveredconditionals="13" methods="6" coveredmethods="6"/>
        <line num="1" count="2" type="stmt"/>
        <line num="2" count="2" type="stmt"/>
        <line num="3" count="2" type="stmt"/>
        <line num="4" count="2" type="stmt"/>
        <line num="6" count="2" type="stmt"/>
        <line num="7" count="2" type="stmt"/>
        <line num="28" count="2" type="cond" truecount="2" falsecount="0"/>
        <line num="29" count="2" type="stmt"/>
        <line num="30" count="2" type="stmt"/>
        <line num="33" count="2" type="cond" truecount="2" falsecount="0"/>
        <line num="34" count="2" type="stmt"/>
        <line num="35" count="2" type="stmt"/>
        <line num="38" count="2" type="cond" truecount="2" falsecount="0"/>
        <line num="39" count="2" type="stmt"/>
        <line num="40" count="2" type="stmt"/>
        <line num="41" count="2" type="stmt"/>
        <line num="42" count="2" type="stmt"/>
        <line num="51" count="2" type="stmt"/>
        <line num="52" count="2" type="stmt"/>
        <line num="65" count="8" type="stmt"/>
        <line num="70" count="8" type="stmt"/>
        <line num="73" count="8" type="stmt"/>
        <line num="79" count="8" type="stmt"/>
        <line num="83" count="8" type="cond" truecount="1" falsecount="1"/>
        <line num="91" count="0" type="stmt"/>
        <line num="92" count="0" type="cond" truecount="0" falsecount="2"/>
        <line num="93" count="0" type="stmt"/>
        <line num="96" count="0" type="stmt"/>
        <line num="101" count="0" type="stmt"/>
        <line num="103" count="8" type="stmt"/>
        <line num="104" count="8" type="stmt"/>
        <line num="107" count="8" type="cond" truecount="2" falsecount="0"/>
        <line num="108" count="7" type="cond" truecount="2" falsecount="0"/>
        <line num="109" count="5" type="stmt"/>
        <line num="119" count="8" type="stmt"/>
        <line num="128" count="8" type="stmt"/>
      </file>
    </package>
    <package name="src.helpers">
      <metrics statements="51" coveredstatements="42" conditionals="35" coveredconditionals="24" methods="13" coveredmethods="11"/>
      <file name="conversions.ts" path="/Users/crabiller/projets/perso/recipes-parser/src/helpers/conversions.ts">
        <metrics statements="47" coveredstatements="38" conditionals="33" coveredconditionals="23" methods="11" coveredmethods="9"/>
        <line num="3" count="2" type="stmt"/>
        <line num="4" count="2" type="stmt"/>
        <line num="5" count="2" type="stmt"/>
        <line num="6" count="2" type="stmt"/>
        <line num="8" count="2" type="stmt"/>
        <line num="13" count="197" type="stmt"/>
        <line num="15" count="2" type="stmt"/>
        <line num="17" count="195" type="stmt"/>
        <line num="26" count="0" type="stmt"/>
        <line num="34" count="7" type="stmt"/>
        <line num="42" count="3" type="stmt"/>
        <line num="50" count="5" type="stmt"/>
        <line num="58" count="5" type="stmt"/>
        <line num="66" count="4" type="stmt"/>
        <line num="74" count="5" type="stmt"/>
        <line num="75" count="48" type="cond" truecount="1" falsecount="1"/>
        <line num="76" count="0" type="stmt"/>
        <line num="79" count="48" type="cond" truecount="2" falsecount="0"/>
        <line num="83" count="2" type="stmt"/>
        <line num="87" count="3" type="stmt"/>
        <line num="98" count="8" type="cond" truecount="2" falsecount="0"/>
        <line num="99" count="2" type="stmt"/>
        <line num="103" count="8" type="stmt"/>
        <line num="104" count="8" type="stmt"/>
        <line num="105" count="8" type="cond" truecount="1" falsecount="1"/>
        <line num="106" count="0" type="cond" truecount="0" falsecount="5"/>
        <line num="107" count="0" type="stmt"/>
        <line num="109" count="0" type="stmt"/>
        <line num="113" count="8" type="cond" truecount="2" falsecount="0"/>
        <line num="114" count="6" type="stmt"/>
        <line num="117" count="8" type="stmt"/>
        <line num="131" count="5" type="stmt"/>
        <line num="133" count="5" type="cond" truecount="2" falsecount="0"/>
        <line num="135" count="5" type="cond" truecount="1" falsecount="1"/>
        <line num="136" count="0" type="stmt"/>
        <line num="139" count="5" type="cond" truecount="2" falsecount="0"/>
        <line num="140" count="1" type="stmt"/>
        <line num="143" count="4" type="cond" truecount="2" falsecount="0"/>
        <line num="144" count="1" type="stmt"/>
        <line num="146" count="3" type="cond" truecount="2" falsecount="0"/>
        <line num="147" count="1" type="stmt"/>
        <line num="150" count="2" type="cond" truecount="1" falsecount="1"/>
        <line num="151" count="0" type="stmt"/>
        <line num="154" count="2" type="cond" truecount="1" falsecount="1"/>
        <line num="155" count="0" type="stmt"/>
        <line num="158" count="2" type="stmt"/>
        <line num="165" count="0" type="stmt"/>
      </file>
      <file name="language.ts" path="/Users/crabiller/projets/perso/recipes-parser/src/helpers/language.ts">
        <metrics statements="4" coveredstatements="4" conditionals="2" coveredconditionals="1" methods="2" coveredmethods="2"/>
        <line num="2" count="2" type="stmt"/>
        <line num="4" count="2" type="stmt"/>
        <line num="9" count="199" type="cond" truecount="1" falsecount="1"/>
        <line num="19" count="8" type="stmt"/>
      </file>
    </package>
  </project>
</coverage>
