{"/Users/crabiller/projets/perso/recipes-parser/src/index.ts": {"path":"/Users/crabiller/projets/perso/recipes-parser/src/index.ts","statementMap":{"0":{"start":{"line":1,"column":0},"end":{"line":1,"column":20}},"1":{"start":{"line":2,"column":0},"end":{"line":2,"column":23}},"2":{"start":{"line":3,"column":0},"end":{"line":3,"column":29}},"3":{"start":{"line":4,"column":0},"end":{"line":4,"column":24}},"4":{"start":{"line":6,"column":0},"end":{"line":6,"column":53}},"5":{"start":{"line":7,"column":0},"end":{"line":7,"column":47}},"6":{"start":{"line":28,"column":0},"end":{"line":28,"column":null}},"7":{"start":{"line":29,"column":2},"end":{"line":29,"column":null}},"8":{"start":{"line":30,"column":2},"end":{"line":30,"column":null}},"9":{"start":{"line":33,"column":0},"end":{"line":33,"column":null}},"10":{"start":{"line":34,"column":2},"end":{"line":34,"column":null}},"11":{"start":{"line":35,"column":2},"end":{"line":35,"column":null}},"12":{"start":{"line":38,"column":0},"end":{"line":38,"column":null}},"13":{"start":{"line":39,"column":2},"end":{"line":39,"column":null}},"14":{"start":{"line":40,"column":2},"end":{"line":40,"column":null}},"15":{"start":{"line":41,"column":2},"end":{"line":41,"column":null}},"16":{"start":{"line":42,"column":2},"end":{"line":42,"column":null}},"17":{"start":{"line":52,"column":10},"end":{"line":62,"column":4}},"18":{"start":{"line":65,"column":34},"end":{"line":67,"column":6}},"19":{"start":{"line":70,"column":4},"end":{"line":130,"column":7}},"20":{"start":{"line":73,"column":24},"end":{"line":78,"column":28}},"21":{"start":{"line":79,"column":20},"end":{"line":80,"column":null}},"22":{"start":{"line":83,"column":6},"end":{"line":129,"column":null}},"23":{"start":{"line":91,"column":31},"end":{"line":91,"column":56}},"24":{"start":{"line":92,"column":8},"end":{"line":94,"column":null}},"25":{"start":{"line":93,"column":10},"end":{"line":93,"column":62}},"26":{"start":{"line":96,"column":8},"end":{"line":100,"column":10}},"27":{"start":{"line":101,"column":8},"end":{"line":101,"column":22}},"28":{"start":{"line":103,"column":8},"end":{"line":103,"column":70}},"29":{"start":{"line":104,"column":8},"end":{"line":104,"column":41}},"30":{"start":{"line":107,"column":8},"end":{"line":117,"column":null}},"31":{"start":{"line":108,"column":10},"end":{"line":114,"column":null}},"32":{"start":{"line":109,"column":12},"end":{"line":113,"column":14}},"33":{"start":{"line":119,"column":8},"end":{"line":127,"column":10}},"34":{"start":{"line":128,"column":8},"end":{"line":128,"column":22}},"35":{"start":{"line":51,"column":0},"end":{"line":51,"column":21}}},"fnMap":{"0":{"name":"(anonymous_2)","decl":{"start":{"line":28,"column":0},"end":{"line":28,"column":12}},"loc":{"start":{"line":28,"column":26},"end":{"line":31,"column":1}}},"1":{"name":"(anonymous_3)","decl":{"start":{"line":33,"column":0},"end":{"line":33,"column":12}},"loc":{"start":{"line":33,"column":21},"end":{"line":36,"column":1}}},"2":{"name":"(anonymous_4)","decl":{"start":{"line":38,"column":0},"end":{"line":38,"column":12}},"loc":{"start":{"line":38,"column":27},"end":{"line":43,"column":1}}},"3":{"name":"(anonymous_5)","decl":{"start":{"line":51,"column":0},"end":{"line":51,"column":21}},"loc":{"start":{"line":51,"column":0},"end":{"line":132,"column":1}}},"4":{"name":"(anonymous_6)","decl":{"start":{"line":64,"column":9},"end":{"line":64,"column":31}},"loc":{"start":{"line":64,"column":60},"end":{"line":131,"column":3}}},"5":{"name":"(anonymous_7)","decl":{"start":{"line":70,"column":37},"end":{"line":70,"column":38}},"loc":{"start":{"line":70,"column":61},"end":{"line":130,"column":5}}}},"branchMap":{"0":{"loc":{"start":{"line":28,"column":12},"end":{"line":28,"column":26}},"type":"binary-expr","locations":[{"start":{"line":28,"column":12},"end":{"line":28,"column":26}},{"start":{"line":28,"column":12},"end":{"line":28,"column":null}}]},"1":{"loc":{"start":{"line":33,"column":12},"end":{"line":33,"column":21}},"type":"binary-expr","locations":[{"start":{"line":33,"column":12},"end":{"line":33,"column":21}},{"start":{"line":33,"column":12},"end":{"line":33,"column":null}}]},"2":{"loc":{"start":{"line":38,"column":12},"end":{"line":38,"column":27}},"type":"binary-expr","locations":[{"start":{"line":38,"column":12},"end":{"line":38,"column":27}},{"start":{"line":38,"column":12},"end":{"line":38,"column":null}}]},"3":{"loc":{"start":{"line":83,"column":6},"end":{"line":129,"column":null}},"type":"if","locations":[{"start":{"line":83,"column":6},"end":{"line":129,"column":null}},{"start":{"line":83,"column":6},"end":{"line":129,"column":null}}]},"4":{"loc":{"start":{"line":84,"column":8},"end":{"line":84,"column":43}},"type":"binary-expr","locations":[{"start":{"line":84,"column":8},"end":{"line":84,"column":43}},{"start":{"line":85,"column":8},"end":{"line":85,"column":47}}]},"5":{"loc":{"start":{"line":92,"column":8},"end":{"line":94,"column":null}},"type":"if","locations":[{"start":{"line":92,"column":8},"end":{"line":94,"column":null}},{"start":{"line":92,"column":8},"end":{"line":94,"column":null}}]},"6":{"loc":{"start":{"line":107,"column":8},"end":{"line":117,"column":null}},"type":"if","locations":[{"start":{"line":107,"column":8},"end":{"line":117,"column":null}},{"start":{"line":107,"column":8},"end":{"line":117,"column":null}}]},"7":{"loc":{"start":{"line":108,"column":10},"end":{"line":114,"column":null}},"type":"if","locations":[{"start":{"line":108,"column":10},"end":{"line":114,"column":null}},{"start":{"line":108,"column":10},"end":{"line":114,"column":null}}]}},"s":{"0":2,"1":2,"2":2,"3":2,"4":2,"5":2,"6":2,"7":2,"8":2,"9":2,"10":2,"11":2,"12":2,"13":2,"14":2,"15":2,"16":2,"17":2,"18":8,"19":8,"20":8,"21":8,"22":8,"23":0,"24":0,"25":0,"26":0,"27":0,"28":8,"29":8,"30":8,"31":7,"32":5,"33":8,"34":8,"35":2},"f":{"0":2,"1":2,"2":2,"3":2,"4":8,"5":8},"b":{"0":[2,2],"1":[2,2],"2":[2,2],"3":[0,8],"4":[8,8],"5":[0,0],"6":[7,1],"7":[5,2]}}
,"/Users/crabiller/projets/perso/recipes-parser/src/helpers/conversions.ts": {"path":"/Users/crabiller/projets/perso/recipes-parser/src/helpers/conversions.ts","statementMap":{"0":{"start":{"line":3,"column":0},"end":{"line":3,"column":32}},"1":{"start":{"line":4,"column":0},"end":{"line":4,"column":46}},"2":{"start":{"line":5,"column":0},"end":{"line":5,"column":46}},"3":{"start":{"line":6,"column":0},"end":{"line":6,"column":39}},"4":{"start":{"line":13,"column":4},"end":{"line":18,"column":null}},"5":{"start":{"line":15,"column":8},"end":{"line":15,"column":23}},"6":{"start":{"line":17,"column":8},"end":{"line":17,"column":23}},"7":{"start":{"line":26,"column":4},"end":{"line":26,"column":70}},"8":{"start":{"line":34,"column":4},"end":{"line":34,"column":65}},"9":{"start":{"line":42,"column":4},"end":{"line":42,"column":69}},"10":{"start":{"line":50,"column":4},"end":{"line":50,"column":71}},"11":{"start":{"line":58,"column":4},"end":{"line":58,"column":71}},"12":{"start":{"line":66,"column":4},"end":{"line":66,"column":66}},"13":{"start":{"line":74,"column":4},"end":{"line":85,"column":null}},"14":{"start":{"line":75,"column":6},"end":{"line":77,"column":null}},"15":{"start":{"line":76,"column":8},"end":{"line":76,"column":17}},"16":{"start":{"line":79,"column":6},"end":{"line":84,"column":null}},"17":{"start":{"line":83,"column":8},"end":{"line":83,"column":44}},"18":{"start":{"line":87,"column":4},"end":{"line":87,"column":42}},"19":{"start":{"line":98,"column":4},"end":{"line":100,"column":null}},"20":{"start":{"line":99,"column":6},"end":{"line":99,"column":54}},"21":{"start":{"line":103,"column":23},"end":{"line":103,"column":48}},"22":{"start":{"line":104,"column":20},"end":{"line":104,"column":48}},"23":{"start":{"line":105,"column":4},"end":{"line":111,"column":null}},"24":{"start":{"line":106,"column":6},"end":{"line":110,"column":null}},"25":{"start":{"line":107,"column":8},"end":{"line":107,"column":75}},"26":{"start":{"line":109,"column":8},"end":{"line":109,"column":54}},"27":{"start":{"line":113,"column":4},"end":{"line":115,"column":null}},"28":{"start":{"line":114,"column":6},"end":{"line":114,"column":24}},"29":{"start":{"line":117,"column":4},"end":{"line":117,"column":15}},"30":{"start":{"line":131,"column":4},"end":{"line":131,"column":35}},"31":{"start":{"line":133,"column":4},"end":{"line":133,"column":61}},"32":{"start":{"line":135,"column":4},"end":{"line":137,"column":null}},"33":{"start":{"line":136,"column":6},"end":{"line":136,"column":25}},"34":{"start":{"line":139,"column":4},"end":{"line":141,"column":null}},"35":{"start":{"line":140,"column":6},"end":{"line":140,"column":30}},"36":{"start":{"line":143,"column":4},"end":{"line":145,"column":null}},"37":{"start":{"line":144,"column":6},"end":{"line":144,"column":32}},"38":{"start":{"line":146,"column":4},"end":{"line":148,"column":null}},"39":{"start":{"line":147,"column":6},"end":{"line":147,"column":32}},"40":{"start":{"line":150,"column":4},"end":{"line":152,"column":null}},"41":{"start":{"line":151,"column":6},"end":{"line":151,"column":16}},"42":{"start":{"line":154,"column":4},"end":{"line":156,"column":null}},"43":{"start":{"line":155,"column":6},"end":{"line":155,"column":44}},"44":{"start":{"line":158,"column":4},"end":{"line":158,"column":76}},"45":{"start":{"line":165,"column":4},"end":{"line":165,"column":49}},"46":{"start":{"line":8,"column":0},"end":{"line":8,"column":21}}},"fnMap":{"0":{"name":"(anonymous_1)","decl":{"start":{"line":12,"column":9},"end":{"line":12,"column":15}},"loc":{"start":{"line":12,"column":24},"end":{"line":19,"column":3}}},"1":{"name":"(anonymous_2)","decl":{"start":{"line":25,"column":9},"end":{"line":25,"column":15}},"loc":{"start":{"line":25,"column":41},"end":{"line":27,"column":3}}},"2":{"name":"(anonymous_3)","decl":{"start":{"line":33,"column":9},"end":{"line":33,"column":15}},"loc":{"start":{"line":33,"column":36},"end":{"line":35,"column":3}}},"3":{"name":"(anonymous_4)","decl":{"start":{"line":41,"column":9},"end":{"line":41,"column":15}},"loc":{"start":{"line":41,"column":40},"end":{"line":43,"column":3}}},"4":{"name":"(anonymous_5)","decl":{"start":{"line":49,"column":9},"end":{"line":49,"column":15}},"loc":{"start":{"line":49,"column":42},"end":{"line":51,"column":3}}},"5":{"name":"(anonymous_6)","decl":{"start":{"line":57,"column":9},"end":{"line":57,"column":15}},"loc":{"start":{"line":57,"column":42},"end":{"line":59,"column":3}}},"6":{"name":"(anonymous_7)","decl":{"start":{"line":65,"column":9},"end":{"line":65,"column":15}},"loc":{"start":{"line":65,"column":37},"end":{"line":67,"column":3}}},"7":{"name":"(anonymous_8)","decl":{"start":{"line":73,"column":9},"end":{"line":73,"column":15}},"loc":{"start":{"line":73,"column":48},"end":{"line":88,"column":3}}},"8":{"name":"(anonymous_9)","decl":{"start":{"line":94,"column":9},"end":{"line":94,"column":15}},"loc":{"start":{"line":94,"column":52},"end":{"line":118,"column":3}}},"9":{"name":"(anonymous_10)","decl":{"start":{"line":126,"column":9},"end":{"line":126,"column":15}},"loc":{"start":{"line":129,"column":24},"end":{"line":159,"column":3}}},"10":{"name":"(anonymous_11)","decl":{"start":{"line":164,"column":9},"end":{"line":164,"column":15}},"loc":{"start":{"line":164,"column":42},"end":{"line":166,"column":3}}}},"branchMap":{"0":{"loc":{"start":{"line":14,"column":6},"end":{"line":15,"column":23}},"type":"switch","locations":[{"start":{"line":14,"column":6},"end":{"line":15,"column":23}},{"start":{"line":16,"column":6},"end":{"line":17,"column":23}}]},"1":{"loc":{"start":{"line":75,"column":6},"end":{"line":77,"column":null}},"type":"if","locations":[{"start":{"line":75,"column":6},"end":{"line":77,"column":null}},{"start":{"line":75,"column":6},"end":{"line":77,"column":null}}]},"2":{"loc":{"start":{"line":79,"column":6},"end":{"line":84,"column":null}},"type":"if","locations":[{"start":{"line":79,"column":6},"end":{"line":84,"column":null}},{"start":{"line":79,"column":6},"end":{"line":84,"column":null}}]},"3":{"loc":{"start":{"line":80,"column":8},"end":{"line":80,"column":56}},"type":"binary-expr","locations":[{"start":{"line":80,"column":8},"end":{"line":80,"column":56}},{"start":{"line":81,"column":8},"end":{"line":81,"column":56}}]},"4":{"loc":{"start":{"line":98,"column":4},"end":{"line":100,"column":null}},"type":"if","locations":[{"start":{"line":98,"column":4},"end":{"line":100,"column":null}},{"start":{"line":98,"column":4},"end":{"line":100,"column":null}}]},"5":{"loc":{"start":{"line":105,"column":4},"end":{"line":111,"column":null}},"type":"if","locations":[{"start":{"line":105,"column":4},"end":{"line":111,"column":null}},{"start":{"line":105,"column":4},"end":{"line":111,"column":null}}]},"6":{"loc":{"start":{"line":106,"column":6},"end":{"line":110,"column":null}},"type":"if","locations":[{"start":{"line":106,"column":6},"end":{"line":110,"column":null}},{"start":{"line":106,"column":6},"end":{"line":110,"column":null}}]},"7":{"loc":{"start":{"line":106,"column":10},"end":{"line":106,"column":20}},"type":"binary-expr","locations":[{"start":{"line":106,"column":10},"end":{"line":106,"column":20}},{"start":{"line":106,"column":24},"end":{"line":106,"column":34}},{"start":{"line":106,"column":38},"end":{"line":106,"column":48}}]},"8":{"loc":{"start":{"line":113,"column":4},"end":{"line":115,"column":null}},"type":"if","locations":[{"start":{"line":113,"column":4},"end":{"line":115,"column":null}},{"start":{"line":113,"column":4},"end":{"line":115,"column":null}}]},"9":{"loc":{"start":{"line":133,"column":12},"end":{"line":133,"column":52}},"type":"binary-expr","locations":[{"start":{"line":133,"column":12},"end":{"line":133,"column":52}},{"start":{"line":133,"column":56},"end":{"line":133,"column":60}}]},"10":{"loc":{"start":{"line":135,"column":4},"end":{"line":137,"column":null}},"type":"if","locations":[{"start":{"line":135,"column":4},"end":{"line":137,"column":null}},{"start":{"line":135,"column":4},"end":{"line":137,"column":null}}]},"11":{"loc":{"start":{"line":139,"column":4},"end":{"line":141,"column":null}},"type":"if","locations":[{"start":{"line":139,"column":4},"end":{"line":141,"column":null}},{"start":{"line":139,"column":4},"end":{"line":141,"column":null}}]},"12":{"loc":{"start":{"line":143,"column":4},"end":{"line":145,"column":null}},"type":"if","locations":[{"start":{"line":143,"column":4},"end":{"line":145,"column":null}},{"start":{"line":143,"column":4},"end":{"line":145,"column":null}}]},"13":{"loc":{"start":{"line":146,"column":4},"end":{"line":148,"column":null}},"type":"if","locations":[{"start":{"line":146,"column":4},"end":{"line":148,"column":null}},{"start":{"line":146,"column":4},"end":{"line":148,"column":null}}]},"14":{"loc":{"start":{"line":150,"column":4},"end":{"line":152,"column":null}},"type":"if","locations":[{"start":{"line":150,"column":4},"end":{"line":152,"column":null}},{"start":{"line":150,"column":4},"end":{"line":152,"column":null}}]},"15":{"loc":{"start":{"line":154,"column":4},"end":{"line":156,"column":null}},"type":"if","locations":[{"start":{"line":154,"column":4},"end":{"line":156,"column":null}},{"start":{"line":154,"column":4},"end":{"line":156,"column":null}}]}},"s":{"0":2,"1":2,"2":2,"3":2,"4":197,"5":2,"6":195,"7":0,"8":7,"9":3,"10":5,"11":5,"12":4,"13":5,"14":48,"15":0,"16":48,"17":2,"18":3,"19":8,"20":2,"21":8,"22":8,"23":8,"24":0,"25":0,"26":0,"27":8,"28":6,"29":8,"30":5,"31":5,"32":5,"33":0,"34":5,"35":1,"36":4,"37":1,"38":3,"39":1,"40":2,"41":0,"42":2,"43":0,"44":2,"45":0,"46":2},"f":{"0":197,"1":0,"2":7,"3":3,"4":5,"5":5,"6":4,"7":5,"8":8,"9":5,"10":0},"b":{"0":[2,195],"1":[0,48],"2":[2,46],"3":[48,46],"4":[2,6],"5":[0,8],"6":[0,0],"7":[0,0,0],"8":[6,2],"9":[5,5],"10":[0,5],"11":[1,4],"12":[1,3],"13":[1,2],"14":[0,2],"15":[0,2]}}
,"/Users/crabiller/projets/perso/recipes-parser/src/helpers/language.ts": {"path":"/Users/crabiller/projets/perso/recipes-parser/src/helpers/language.ts","statementMap":{"0":{"start":{"line":2,"column":0},"end":{"line":2,"column":32}},"1":{"start":{"line":9,"column":4},"end":{"line":9,"column":59}},"2":{"start":{"line":19,"column":4},"end":{"line":19,"column":66}},"3":{"start":{"line":4,"column":0},"end":{"line":4,"column":21}}},"fnMap":{"0":{"name":"(anonymous_0)","decl":{"start":{"line":8,"column":9},"end":{"line":8,"column":15}},"loc":{"start":{"line":8,"column":23},"end":{"line":10,"column":3}}},"1":{"name":"(anonymous_1)","decl":{"start":{"line":18,"column":9},"end":{"line":18,"column":15}},"loc":{"start":{"line":18,"column":48},"end":{"line":20,"column":3}}}},"branchMap":{"0":{"loc":{"start":{"line":9,"column":12},"end":{"line":9,"column":42}},"type":"binary-expr","locations":[{"start":{"line":9,"column":12},"end":{"line":9,"column":42}},{"start":{"line":9,"column":46},"end":{"line":9,"column":58}}]}},"s":{"0":2,"1":199,"2":8,"3":2},"f":{"0":199,"1":8},"b":{"0":[199,0]}}
}
