{"/Users/crabiller/projets/perso/recipes-parser/src/index.ts": {"path":"/Users/crabiller/projets/perso/recipes-parser/src/index.ts","statementMap":{"0":{"start":{"line":1,"column":0},"end":{"line":1,"column":20}},"1":{"start":{"line":2,"column":0},"end":{"line":2,"column":23}},"2":{"start":{"line":3,"column":0},"end":{"line":3,"column":29}},"3":{"start":{"line":4,"column":0},"end":{"line":4,"column":24}},"4":{"start":{"line":6,"column":0},"end":{"line":6,"column":53}},"5":{"start":{"line":27,"column":0},"end":{"line":27,"column":null}},"6":{"start":{"line":28,"column":2},"end":{"line":28,"column":null}},"7":{"start":{"line":29,"column":2},"end":{"line":29,"column":null}},"8":{"start":{"line":32,"column":0},"end":{"line":32,"column":null}},"9":{"start":{"line":33,"column":2},"end":{"line":33,"column":null}},"10":{"start":{"line":34,"column":2},"end":{"line":34,"column":null}},"11":{"start":{"line":37,"column":0},"end":{"line":37,"column":null}},"12":{"start":{"line":38,"column":2},"end":{"line":38,"column":null}},"13":{"start":{"line":39,"column":2},"end":{"line":39,"column":null}},"14":{"start":{"line":40,"column":2},"end":{"line":40,"column":null}},"15":{"start":{"line":41,"column":2},"end":{"line":41,"column":null}},"16":{"start":{"line":59,"column":22},"end":{"line":59,"column":42}},"17":{"start":{"line":51,"column":10},"end":{"line":58,"column":4}},"18":{"start":{"line":65,"column":34},"end":{"line":67,"column":6}},"19":{"start":{"line":70,"column":4},"end":{"line":138,"column":7}},"20":{"start":{"line":73,"column":24},"end":{"line":78,"column":28}},"21":{"start":{"line":79,"column":20},"end":{"line":79,"column":51}},"22":{"start":{"line":81,"column":6},"end":{"line":137,"column":null}},"23":{"start":{"line":89,"column":31},"end":{"line":89,"column":56}},"24":{"start":{"line":90,"column":8},"end":{"line":92,"column":null}},"25":{"start":{"line":91,"column":10},"end":{"line":91,"column":62}},"26":{"start":{"line":94,"column":8},"end":{"line":98,"column":10}},"27":{"start":{"line":99,"column":8},"end":{"line":99,"column":22}},"28":{"start":{"line":101,"column":8},"end":{"line":104,"column":10}},"29":{"start":{"line":105,"column":8},"end":{"line":105,"column":41}},"30":{"start":{"line":108,"column":8},"end":{"line":110,"column":null}},"31":{"start":{"line":109,"column":10},"end":{"line":109,"column":63}},"32":{"start":{"line":112,"column":8},"end":{"line":126,"column":null}},"33":{"start":{"line":113,"column":10},"end":{"line":123,"column":null}},"34":{"start":{"line":114,"column":12},"end":{"line":122,"column":14}},"35":{"start":{"line":127,"column":8},"end":{"line":135,"column":10}},"36":{"start":{"line":136,"column":8},"end":{"line":136,"column":22}},"37":{"start":{"line":50,"column":0},"end":{"line":50,"column":21}}},"fnMap":{"0":{"name":"(anonymous_2)","decl":{"start":{"line":27,"column":0},"end":{"line":27,"column":12}},"loc":{"start":{"line":27,"column":26},"end":{"line":30,"column":1}}},"1":{"name":"(anonymous_3)","decl":{"start":{"line":32,"column":0},"end":{"line":32,"column":12}},"loc":{"start":{"line":32,"column":21},"end":{"line":35,"column":1}}},"2":{"name":"(anonymous_4)","decl":{"start":{"line":37,"column":0},"end":{"line":37,"column":12}},"loc":{"start":{"line":37,"column":27},"end":{"line":42,"column":1}}},"3":{"name":"(anonymous_5)","decl":{"start":{"line":59,"column":2},"end":{"line":59,"column":22}},"loc":{"start":{"line":59,"column":42},"end":{"line":59,"column":46}}},"4":{"name":"(anonymous_6)","decl":{"start":{"line":61,"column":9},"end":{"line":61,"column":31}},"loc":{"start":{"line":63,"column":27},"end":{"line":139,"column":3}}},"5":{"name":"(anonymous_7)","decl":{"start":{"line":70,"column":37},"end":{"line":70,"column":38}},"loc":{"start":{"line":70,"column":61},"end":{"line":138,"column":5}}}},"branchMap":{"0":{"loc":{"start":{"line":27,"column":12},"end":{"line":27,"column":26}},"type":"binary-expr","locations":[{"start":{"line":27,"column":12},"end":{"line":27,"column":26}},{"start":{"line":27,"column":12},"end":{"line":27,"column":null}}]},"1":{"loc":{"start":{"line":32,"column":12},"end":{"line":32,"column":21}},"type":"binary-expr","locations":[{"start":{"line":32,"column":12},"end":{"line":32,"column":21}},{"start":{"line":32,"column":12},"end":{"line":32,"column":null}}]},"2":{"loc":{"start":{"line":37,"column":12},"end":{"line":37,"column":27}},"type":"binary-expr","locations":[{"start":{"line":37,"column":12},"end":{"line":37,"column":27}},{"start":{"line":37,"column":12},"end":{"line":37,"column":null}}]},"3":{"loc":{"start":{"line":81,"column":6},"end":{"line":137,"column":null}},"type":"if","locations":[{"start":{"line":81,"column":6},"end":{"line":137,"column":null}},{"start":{"line":81,"column":6},"end":{"line":137,"column":null}}]},"4":{"loc":{"start":{"line":82,"column":8},"end":{"line":82,"column":43}},"type":"binary-expr","locations":[{"start":{"line":82,"column":8},"end":{"line":82,"column":43}},{"start":{"line":83,"column":8},"end":{"line":83,"column":47}}]},"5":{"loc":{"start":{"line":90,"column":8},"end":{"line":92,"column":null}},"type":"if","locations":[{"start":{"line":90,"column":8},"end":{"line":92,"column":null}},{"start":{"line":90,"column":8},"end":{"line":92,"column":null}}]},"6":{"loc":{"start":{"line":108,"column":8},"end":{"line":110,"column":null}},"type":"if","locations":[{"start":{"line":108,"column":8},"end":{"line":110,"column":null}},{"start":{"line":108,"column":8},"end":{"line":110,"column":null}}]},"7":{"loc":{"start":{"line":112,"column":8},"end":{"line":126,"column":null}},"type":"if","locations":[{"start":{"line":112,"column":8},"end":{"line":126,"column":null}},{"start":{"line":112,"column":8},"end":{"line":126,"column":null}}]},"8":{"loc":{"start":{"line":113,"column":10},"end":{"line":123,"column":null}},"type":"if","locations":[{"start":{"line":113,"column":10},"end":{"line":123,"column":null}},{"start":{"line":113,"column":10},"end":{"line":123,"column":null}}]}},"s":{"0":2,"1":2,"2":2,"3":2,"4":2,"5":2,"6":2,"7":2,"8":2,"9":2,"10":2,"11":2,"12":2,"13":2,"14":2,"15":2,"16":2,"17":2,"18":24,"19":24,"20":24,"21":24,"22":24,"23":0,"24":0,"25":0,"26":0,"27":0,"28":24,"29":24,"30":24,"31":23,"32":24,"33":19,"34":14,"35":24,"36":24,"37":2},"f":{"0":2,"1":2,"2":2,"3":2,"4":24,"5":24},"b":{"0":[2,2],"1":[2,2],"2":[2,2],"3":[0,24],"4":[24,24],"5":[0,0],"6":[23,1],"7":[19,5],"8":[14,5]}}
,"/Users/crabiller/projets/perso/recipes-parser/src/helpers/conversions.ts": {"path":"/Users/crabiller/projets/perso/recipes-parser/src/helpers/conversions.ts","statementMap":{"0":{"start":{"line":3,"column":0},"end":{"line":3,"column":32}},"1":{"start":{"line":4,"column":0},"end":{"line":4,"column":46}},"2":{"start":{"line":5,"column":0},"end":{"line":5,"column":46}},"3":{"start":{"line":7,"column":0},"end":{"line":7,"column":41}},"4":{"start":{"line":14,"column":4},"end":{"line":19,"column":null}},"5":{"start":{"line":16,"column":8},"end":{"line":16,"column":23}},"6":{"start":{"line":18,"column":8},"end":{"line":18,"column":23}},"7":{"start":{"line":23,"column":21},"end":{"line":23,"column":25}},"8":{"start":{"line":25,"column":4},"end":{"line":30,"column":null}},"9":{"start":{"line":25,"column":17},"end":{"line":25,"column":18}},"10":{"start":{"line":26,"column":6},"end":{"line":29,"column":null}},"11":{"start":{"line":27,"column":8},"end":{"line":27,"column":48}},"12":{"start":{"line":28,"column":8},"end":{"line":28,"column":43}},"13":{"start":{"line":32,"column":4},"end":{"line":32,"column":22}},"14":{"start":{"line":40,"column":4},"end":{"line":40,"column":74}},"15":{"start":{"line":48,"column":4},"end":{"line":48,"column":69}},"16":{"start":{"line":56,"column":4},"end":{"line":56,"column":73}},"17":{"start":{"line":64,"column":4},"end":{"line":64,"column":75}},"18":{"start":{"line":72,"column":4},"end":{"line":72,"column":75}},"19":{"start":{"line":80,"column":4},"end":{"line":80,"column":70}},"20":{"start":{"line":88,"column":4},"end":{"line":99,"column":null}},"21":{"start":{"line":89,"column":6},"end":{"line":91,"column":null}},"22":{"start":{"line":90,"column":8},"end":{"line":90,"column":17}},"23":{"start":{"line":93,"column":6},"end":{"line":98,"column":null}},"24":{"start":{"line":97,"column":8},"end":{"line":97,"column":48}},"25":{"start":{"line":101,"column":4},"end":{"line":101,"column":46}},"26":{"start":{"line":112,"column":4},"end":{"line":114,"column":null}},"27":{"start":{"line":113,"column":6},"end":{"line":113,"column":58}},"28":{"start":{"line":117,"column":21},"end":{"line":117,"column":37}},"29":{"start":{"line":118,"column":25},"end":{"line":118,"column":51}},"30":{"start":{"line":119,"column":4},"end":{"line":119,"column":30}},"31":{"start":{"line":120,"column":4},"end":{"line":124,"column":null}},"32":{"start":{"line":121,"column":6},"end":{"line":123,"column":null}},"33":{"start":{"line":122,"column":8},"end":{"line":122,"column":70}},"34":{"start":{"line":127,"column":23},"end":{"line":127,"column":48}},"35":{"start":{"line":128,"column":20},"end":{"line":128,"column":48}},"36":{"start":{"line":129,"column":4},"end":{"line":135,"column":null}},"37":{"start":{"line":130,"column":6},"end":{"line":134,"column":null}},"38":{"start":{"line":131,"column":8},"end":{"line":131,"column":75}},"39":{"start":{"line":133,"column":8},"end":{"line":133,"column":54}},"40":{"start":{"line":137,"column":4},"end":{"line":139,"column":null}},"41":{"start":{"line":138,"column":6},"end":{"line":138,"column":24}},"42":{"start":{"line":141,"column":4},"end":{"line":141,"column":15}},"43":{"start":{"line":156,"column":4},"end":{"line":156,"column":35}},"44":{"start":{"line":158,"column":4},"end":{"line":158,"column":65}},"45":{"start":{"line":160,"column":4},"end":{"line":162,"column":null}},"46":{"start":{"line":161,"column":6},"end":{"line":161,"column":25}},"47":{"start":{"line":164,"column":4},"end":{"line":166,"column":null}},"48":{"start":{"line":165,"column":6},"end":{"line":165,"column":30}},"49":{"start":{"line":168,"column":4},"end":{"line":170,"column":null}},"50":{"start":{"line":169,"column":6},"end":{"line":169,"column":32}},"51":{"start":{"line":171,"column":4},"end":{"line":173,"column":null}},"52":{"start":{"line":172,"column":6},"end":{"line":172,"column":32}},"53":{"start":{"line":175,"column":4},"end":{"line":177,"column":null}},"54":{"start":{"line":176,"column":6},"end":{"line":176,"column":16}},"55":{"start":{"line":179,"column":4},"end":{"line":181,"column":null}},"56":{"start":{"line":180,"column":6},"end":{"line":180,"column":48}},"57":{"start":{"line":183,"column":4},"end":{"line":183,"column":80}},"58":{"start":{"line":9,"column":0},"end":{"line":9,"column":21}}},"fnMap":{"0":{"name":"(anonymous_1)","decl":{"start":{"line":13,"column":9},"end":{"line":13,"column":15}},"loc":{"start":{"line":13,"column":37},"end":{"line":20,"column":3}}},"1":{"name":"(anonymous_2)","decl":{"start":{"line":22,"column":9},"end":{"line":22,"column":15}},"loc":{"start":{"line":22,"column":39},"end":{"line":33,"column":3}}},"2":{"name":"(anonymous_3)","decl":{"start":{"line":39,"column":9},"end":{"line":39,"column":15}},"loc":{"start":{"line":39,"column":55},"end":{"line":41,"column":3}}},"3":{"name":"(anonymous_4)","decl":{"start":{"line":47,"column":9},"end":{"line":47,"column":15}},"loc":{"start":{"line":47,"column":50},"end":{"line":49,"column":3}}},"4":{"name":"(anonymous_5)","decl":{"start":{"line":55,"column":9},"end":{"line":55,"column":15}},"loc":{"start":{"line":55,"column":54},"end":{"line":57,"column":3}}},"5":{"name":"(anonymous_6)","decl":{"start":{"line":63,"column":9},"end":{"line":63,"column":15}},"loc":{"start":{"line":63,"column":56},"end":{"line":65,"column":3}}},"6":{"name":"(anonymous_7)","decl":{"start":{"line":71,"column":9},"end":{"line":71,"column":15}},"loc":{"start":{"line":71,"column":56},"end":{"line":73,"column":3}}},"7":{"name":"(anonymous_8)","decl":{"start":{"line":79,"column":9},"end":{"line":79,"column":15}},"loc":{"start":{"line":79,"column":51},"end":{"line":81,"column":3}}},"8":{"name":"(anonymous_9)","decl":{"start":{"line":87,"column":9},"end":{"line":87,"column":15}},"loc":{"start":{"line":87,"column":62},"end":{"line":102,"column":3}}},"9":{"name":"(anonymous_10)","decl":{"start":{"line":108,"column":9},"end":{"line":108,"column":15}},"loc":{"start":{"line":108,"column":66},"end":{"line":142,"column":3}}},"10":{"name":"(anonymous_11)","decl":{"start":{"line":150,"column":9},"end":{"line":150,"column":15}},"loc":{"start":{"line":154,"column":24},"end":{"line":184,"column":3}}}},"branchMap":{"0":{"loc":{"start":{"line":15,"column":6},"end":{"line":16,"column":23}},"type":"switch","locations":[{"start":{"line":15,"column":6},"end":{"line":16,"column":23}},{"start":{"line":17,"column":6},"end":{"line":18,"column":23}}]},"1":{"loc":{"start":{"line":26,"column":6},"end":{"line":29,"column":null}},"type":"if","locations":[{"start":{"line":26,"column":6},"end":{"line":29,"column":null}},{"start":{"line":26,"column":6},"end":{"line":29,"column":null}}]},"2":{"loc":{"start":{"line":89,"column":6},"end":{"line":91,"column":null}},"type":"if","locations":[{"start":{"line":89,"column":6},"end":{"line":91,"column":null}},{"start":{"line":89,"column":6},"end":{"line":91,"column":null}}]},"3":{"loc":{"start":{"line":93,"column":6},"end":{"line":98,"column":null}},"type":"if","locations":[{"start":{"line":93,"column":6},"end":{"line":98,"column":null}},{"start":{"line":93,"column":6},"end":{"line":98,"column":null}}]},"4":{"loc":{"start":{"line":94,"column":8},"end":{"line":94,"column":60}},"type":"binary-expr","locations":[{"start":{"line":94,"column":8},"end":{"line":94,"column":60}},{"start":{"line":95,"column":8},"end":{"line":95,"column":60}}]},"5":{"loc":{"start":{"line":112,"column":4},"end":{"line":114,"column":null}},"type":"if","locations":[{"start":{"line":112,"column":4},"end":{"line":114,"column":null}},{"start":{"line":112,"column":4},"end":{"line":114,"column":null}}]},"6":{"loc":{"start":{"line":120,"column":4},"end":{"line":124,"column":null}},"type":"if","locations":[{"start":{"line":120,"column":4},"end":{"line":124,"column":null}},{"start":{"line":120,"column":4},"end":{"line":124,"column":null}}]},"7":{"loc":{"start":{"line":121,"column":6},"end":{"line":123,"column":null}},"type":"if","locations":[{"start":{"line":121,"column":6},"end":{"line":123,"column":null}},{"start":{"line":121,"column":6},"end":{"line":123,"column":null}}]},"8":{"loc":{"start":{"line":121,"column":10},"end":{"line":121,"column":25}},"type":"binary-expr","locations":[{"start":{"line":121,"column":10},"end":{"line":121,"column":25}},{"start":{"line":121,"column":29},"end":{"line":121,"column":44}}]},"9":{"loc":{"start":{"line":129,"column":4},"end":{"line":135,"column":null}},"type":"if","locations":[{"start":{"line":129,"column":4},"end":{"line":135,"column":null}},{"start":{"line":129,"column":4},"end":{"line":135,"column":null}}]},"10":{"loc":{"start":{"line":130,"column":6},"end":{"line":134,"column":null}},"type":"if","locations":[{"start":{"line":130,"column":6},"end":{"line":134,"column":null}},{"start":{"line":130,"column":6},"end":{"line":134,"column":null}}]},"11":{"loc":{"start":{"line":130,"column":10},"end":{"line":130,"column":20}},"type":"binary-expr","locations":[{"start":{"line":130,"column":10},"end":{"line":130,"column":20}},{"start":{"line":130,"column":24},"end":{"line":130,"column":34}},{"start":{"line":130,"column":38},"end":{"line":130,"column":48}}]},"12":{"loc":{"start":{"line":137,"column":4},"end":{"line":139,"column":null}},"type":"if","locations":[{"start":{"line":137,"column":4},"end":{"line":139,"column":null}},{"start":{"line":137,"column":4},"end":{"line":139,"column":null}}]},"13":{"loc":{"start":{"line":158,"column":12},"end":{"line":158,"column":56}},"type":"binary-expr","locations":[{"start":{"line":158,"column":12},"end":{"line":158,"column":56}},{"start":{"line":158,"column":60},"end":{"line":158,"column":64}}]},"14":{"loc":{"start":{"line":160,"column":4},"end":{"line":162,"column":null}},"type":"if","locations":[{"start":{"line":160,"column":4},"end":{"line":162,"column":null}},{"start":{"line":160,"column":4},"end":{"line":162,"column":null}}]},"15":{"loc":{"start":{"line":164,"column":4},"end":{"line":166,"column":null}},"type":"if","locations":[{"start":{"line":164,"column":4},"end":{"line":166,"column":null}},{"start":{"line":164,"column":4},"end":{"line":166,"column":null}}]},"16":{"loc":{"start":{"line":168,"column":4},"end":{"line":170,"column":null}},"type":"if","locations":[{"start":{"line":168,"column":4},"end":{"line":170,"column":null}},{"start":{"line":168,"column":4},"end":{"line":170,"column":null}}]},"17":{"loc":{"start":{"line":171,"column":4},"end":{"line":173,"column":null}},"type":"if","locations":[{"start":{"line":171,"column":4},"end":{"line":173,"column":null}},{"start":{"line":171,"column":4},"end":{"line":173,"column":null}}]},"18":{"loc":{"start":{"line":175,"column":4},"end":{"line":177,"column":null}},"type":"if","locations":[{"start":{"line":175,"column":4},"end":{"line":177,"column":null}},{"start":{"line":175,"column":4},"end":{"line":177,"column":null}}]},"19":{"loc":{"start":{"line":179,"column":4},"end":{"line":181,"column":null}},"type":"if","locations":[{"start":{"line":179,"column":4},"end":{"line":181,"column":null}},{"start":{"line":179,"column":4},"end":{"line":181,"column":null}}]}},"s":{"0":2,"1":2,"2":2,"3":2,"4":626,"5":2,"6":624,"7":23,"8":23,"9":23,"10":397,"11":18,"12":18,"13":23,"14":0,"15":19,"16":12,"17":14,"18":14,"19":13,"20":14,"21":154,"22":0,"23":154,"24":3,"25":11,"26":24,"27":2,"28":24,"29":24,"30":24,"31":24,"32":1,"33":1,"34":24,"35":24,"36":24,"37":2,"38":0,"39":2,"40":24,"41":19,"42":24,"43":14,"44":14,"45":14,"46":0,"47":14,"48":1,"49":13,"50":1,"51":12,"52":1,"53":11,"54":3,"55":8,"56":0,"57":8,"58":2},"f":{"0":626,"1":23,"2":0,"3":19,"4":12,"5":14,"6":14,"7":13,"8":14,"9":24,"10":14},"b":{"0":[2,624],"1":[18,379],"2":[0,154],"3":[3,151],"4":[154,151],"5":[2,22],"6":[1,23],"7":[1,0],"8":[1,1],"9":[2,22],"10":[0,2],"11":[2,0,0],"12":[19,5],"13":[14,14],"14":[0,14],"15":[1,13],"16":[1,12],"17":[1,11],"18":[3,8],"19":[0,8]}}
,"/Users/crabiller/projets/perso/recipes-parser/src/helpers/models_FR.ts": {"path":"/Users/crabiller/projets/perso/recipes-parser/src/helpers/models_FR.ts","statementMap":{"0":{"start":{"line":1,"column":13},"end":{"line":88,"column":2}}},"fnMap":{},"branchMap":{},"s":{"0":2},"f":{},"b":{}}
}
