TN:
SF:/Users/crabiller/projets/perso/recipes-parser/src/index.ts
FN:28,(anonymous_2)
FN:33,(anonymous_3)
FN:38,(anonymous_4)
FN:51,(anonymous_5)
FN:64,(anonymous_6)
FN:70,(anonymous_7)
FNF:6
FNH:6
FNDA:2,(anonymous_2)
FNDA:2,(anonymous_3)
FNDA:2,(anonymous_4)
FNDA:2,(anonymous_5)
FNDA:8,(anonymous_6)
FNDA:8,(anonymous_7)
DA:1,2
DA:2,2
DA:3,2
DA:4,2
DA:6,2
DA:7,2
DA:28,2
DA:29,2
DA:30,2
DA:33,2
DA:34,2
DA:35,2
DA:38,2
DA:39,2
DA:40,2
DA:41,2
DA:42,2
DA:51,2
DA:52,2
DA:65,8
DA:70,8
DA:73,8
DA:79,8
DA:83,8
DA:91,0
DA:92,0
DA:93,0
DA:96,0
DA:101,0
DA:103,8
DA:104,8
DA:107,8
DA:108,7
DA:109,5
DA:119,8
DA:128,8
LF:36
LH:31
BRDA:28,0,0,2
BRDA:28,0,1,2
BRDA:33,1,0,2
BRDA:33,1,1,2
BRDA:38,2,0,2
BRDA:38,2,1,2
BRDA:83,3,0,0
BRDA:83,3,1,8
BRDA:84,4,0,8
BRDA:84,4,1,8
BRDA:92,5,0,0
BRDA:92,5,1,0
BRDA:107,6,0,7
BRDA:107,6,1,1
BRDA:108,7,0,5
BRDA:108,7,1,2
BRF:16
BRH:13
end_of_record
TN:
SF:/Users/crabiller/projets/perso/recipes-parser/src/helpers/conversions.ts
FN:12,(anonymous_1)
FN:25,(anonymous_2)
FN:33,(anonymous_3)
FN:41,(anonymous_4)
FN:49,(anonymous_5)
FN:57,(anonymous_6)
FN:65,(anonymous_7)
FN:73,(anonymous_8)
FN:94,(anonymous_9)
FN:126,(anonymous_10)
FN:164,(anonymous_11)
FNF:11
FNH:9
FNDA:197,(anonymous_1)
FNDA:0,(anonymous_2)
FNDA:7,(anonymous_3)
FNDA:3,(anonymous_4)
FNDA:5,(anonymous_5)
FNDA:5,(anonymous_6)
FNDA:4,(anonymous_7)
FNDA:5,(anonymous_8)
FNDA:8,(anonymous_9)
FNDA:5,(anonymous_10)
FNDA:0,(anonymous_11)
DA:3,2
DA:4,2
DA:5,2
DA:6,2
DA:8,2
DA:13,197
DA:15,2
DA:17,195
DA:26,0
DA:34,7
DA:42,3
DA:50,5
DA:58,5
DA:66,4
DA:74,5
DA:75,48
DA:76,0
DA:79,48
DA:83,2
DA:87,3
DA:98,8
DA:99,2
DA:103,8
DA:104,8
DA:105,8
DA:106,0
DA:107,0
DA:109,0
DA:113,8
DA:114,6
DA:117,8
DA:131,5
DA:133,5
DA:135,5
DA:136,0
DA:139,5
DA:140,1
DA:143,4
DA:144,1
DA:146,3
DA:147,1
DA:150,2
DA:151,0
DA:154,2
DA:155,0
DA:158,2
DA:165,0
LF:47
LH:38
BRDA:14,0,0,2
BRDA:14,0,1,195
BRDA:75,1,0,0
BRDA:75,1,1,48
BRDA:79,2,0,2
BRDA:79,2,1,46
BRDA:80,3,0,48
BRDA:80,3,1,46
BRDA:98,4,0,2
BRDA:98,4,1,6
BRDA:105,5,0,0
BRDA:105,5,1,8
BRDA:106,6,0,0
BRDA:106,6,1,0
BRDA:106,7,0,0
BRDA:106,7,1,0
BRDA:106,7,2,0
BRDA:113,8,0,6
BRDA:113,8,1,2
BRDA:133,9,0,5
BRDA:133,9,1,5
BRDA:135,10,0,0
BRDA:135,10,1,5
BRDA:139,11,0,1
BRDA:139,11,1,4
BRDA:143,12,0,1
BRDA:143,12,1,3
BRDA:146,13,0,1
BRDA:146,13,1,2
BRDA:150,14,0,0
BRDA:150,14,1,2
BRDA:154,15,0,0
BRDA:154,15,1,2
BRF:33
BRH:23
end_of_record
TN:
SF:/Users/crabiller/projets/perso/recipes-parser/src/helpers/language.ts
FN:8,(anonymous_0)
FN:18,(anonymous_1)
FNF:2
FNH:2
FNDA:199,(anonymous_0)
FNDA:8,(anonymous_1)
DA:2,2
DA:4,2
DA:9,199
DA:19,8
LF:4
LH:4
BRDA:9,0,0,199
BRDA:9,0,1,0
BRF:2
BRH:1
end_of_record
