TN:
SF:/Users/crabiller/projets/perso/recipes-parser/src/index.ts
FN:28,(anonymous_2)
FN:33,(anonymous_3)
FN:38,(anonymous_4)
FN:51,(anonymous_5)
FN:64,(anonymous_6)
FN:73,(anonymous_7)
FNF:6
FNH:6
FNDA:2,(anonymous_2)
FNDA:2,(anonymous_3)
FNDA:2,(anonymous_4)
FNDA:2,(anonymous_5)
FNDA:21,(anonymous_6)
FNDA:21,(anonymous_7)
DA:1,2
DA:2,2
DA:3,2
DA:4,2
DA:6,2
DA:7,2
DA:28,2
DA:29,2
DA:30,2
DA:33,2
DA:34,2
DA:35,2
DA:38,2
DA:39,2
DA:40,2
DA:41,2
DA:42,2
DA:51,2
DA:52,2
DA:68,21
DA:73,21
DA:76,21
DA:82,21
DA:84,21
DA:92,0
DA:93,0
DA:94,0
DA:97,0
DA:102,0
DA:104,21
DA:105,21
DA:108,21
DA:109,20
DA:112,21
DA:113,16
DA:114,11
DA:123,21
DA:132,21
LF:38
LH:33
BRDA:28,0,0,2
BRDA:28,0,1,2
BRDA:33,1,0,2
BRDA:33,1,1,2
BRDA:38,2,0,2
BRDA:38,2,1,2
BRDA:84,3,0,0
BRDA:84,3,1,21
BRDA:85,4,0,21
BRDA:85,4,1,21
BRDA:93,5,0,0
BRDA:93,5,1,0
BRDA:108,6,0,20
BRDA:108,6,1,1
BRDA:112,7,0,16
BRDA:112,7,1,5
BRDA:113,8,0,11
BRDA:113,8,1,5
BRF:18
BRH:15
end_of_record
TN:
SF:/Users/crabiller/projets/perso/recipes-parser/src/helpers/conversions.ts
FN:13,(anonymous_1)
FN:22,(anonymous_2)
FN:39,(anonymous_3)
FN:47,(anonymous_4)
FN:55,(anonymous_5)
FN:63,(anonymous_6)
FN:71,(anonymous_7)
FN:79,(anonymous_8)
FN:87,(anonymous_9)
FN:108,(anonymous_10)
FN:140,(anonymous_11)
FN:178,(anonymous_12)
FNF:12
FNH:10
FNDA:489,(anonymous_1)
FNDA:20,(anonymous_2)
FNDA:0,(anonymous_3)
FNDA:16,(anonymous_4)
FNDA:9,(anonymous_5)
FNDA:11,(anonymous_6)
FNDA:11,(anonymous_7)
FNDA:10,(anonymous_8)
FNDA:11,(anonymous_9)
FNDA:21,(anonymous_10)
FNDA:11,(anonymous_11)
FNDA:0,(anonymous_12)
DA:3,2
DA:4,2
DA:5,2
DA:6,2
DA:7,2
DA:9,2
DA:14,489
DA:16,2
DA:18,487
DA:23,20
DA:25,20
DA:26,369
DA:27,15
DA:28,15
DA:32,20
DA:40,0
DA:48,16
DA:56,9
DA:64,11
DA:72,11
DA:80,10
DA:88,11
DA:89,120
DA:90,0
DA:93,120
DA:97,2
DA:101,9
DA:112,21
DA:113,2
DA:117,21
DA:118,21
DA:119,21
DA:120,2
DA:121,0
DA:123,2
DA:127,21
DA:128,17
DA:131,21
DA:145,11
DA:147,11
DA:149,11
DA:150,0
DA:153,11
DA:154,1
DA:157,10
DA:158,1
DA:160,9
DA:161,1
DA:164,8
DA:165,3
DA:168,5
DA:169,0
DA:172,5
DA:179,0
LF:54
LH:48
BRDA:15,0,0,2
BRDA:15,0,1,487
BRDA:26,1,0,15
BRDA:26,1,1,354
BRDA:89,2,0,0
BRDA:89,2,1,120
BRDA:93,3,0,2
BRDA:93,3,1,118
BRDA:94,4,0,120
BRDA:94,4,1,118
BRDA:112,5,0,2
BRDA:112,5,1,19
BRDA:119,6,0,2
BRDA:119,6,1,19
BRDA:120,7,0,0
BRDA:120,7,1,2
BRDA:120,8,0,2
BRDA:120,8,1,0
BRDA:120,8,2,0
BRDA:127,9,0,17
BRDA:127,9,1,4
BRDA:147,10,0,11
BRDA:147,10,1,11
BRDA:149,11,0,0
BRDA:149,11,1,11
BRDA:153,12,0,1
BRDA:153,12,1,10
BRDA:157,13,0,1
BRDA:157,13,1,9
BRDA:160,14,0,1
BRDA:160,14,1,8
BRDA:164,15,0,3
BRDA:164,15,1,5
BRDA:168,16,0,0
BRDA:168,16,1,5
BRF:35
BRH:29
end_of_record
TN:
SF:/Users/crabiller/projets/perso/recipes-parser/src/helpers/language.ts
FN:8,(anonymous_0)
FN:18,(anonymous_1)
FNF:2
FNH:1
FNDA:491,(anonymous_0)
FNDA:0,(anonymous_1)
DA:2,2
DA:4,2
DA:9,491
DA:19,0
LF:4
LH:3
BRDA:9,0,0,491
BRDA:9,0,1,0
BRF:2
BRH:1
end_of_record
TN:
SF:/Users/crabiller/projets/perso/recipes-parser/src/helpers/models_FR.ts
FNF:0
FNH:0
DA:1,2
LF:1
LH:1
BRF:0
BRH:0
end_of_record
